0 info it worked if it ends with ok
1 verbose cli [ 'node', '/usr/local/bin/npm', 'install', '-g', 'ios-sim' ]
2 info using npm@1.3.24
3 info using node@v0.10.25
4 verbose cache add [ 'ios-sim', null ]
5 verbose cache add name=undefined spec="ios-sim" args=["ios-sim",null]
6 verbose parsed url { protocol: null,
6 verbose parsed url   slashes: null,
6 verbose parsed url   auth: null,
6 verbose parsed url   host: null,
6 verbose parsed url   port: null,
6 verbose parsed url   hostname: null,
6 verbose parsed url   hash: null,
6 verbose parsed url   search: null,
6 verbose parsed url   query: null,
6 verbose parsed url   pathname: 'ios-sim',
6 verbose parsed url   path: 'ios-sim',
6 verbose parsed url   href: 'ios-sim' }
7 silly lockFile 6af69284-ios-sim ios-sim
8 verbose lock ios-sim /Users/murrayk4/.npm/6af69284-ios-sim.lock
9 silly lockFile 6af69284-ios-sim ios-sim
10 silly lockFile 6af69284-ios-sim ios-sim
11 verbose addNamed [ 'ios-sim', '' ]
12 verbose addNamed [ null, '*' ]
13 silly lockFile 03dce7cc-ios-sim ios-sim@
14 verbose lock ios-sim@ /Users/murrayk4/.npm/03dce7cc-ios-sim.lock
15 silly addNameRange { name: 'ios-sim', range: '*', hasData: false }
16 verbose url raw ios-sim
17 verbose url resolving [ 'https://registry.npmjs.org/', './ios-sim' ]
18 verbose url resolved https://registry.npmjs.org/ios-sim
19 info trying registry request attempt 1 at 18:45:16
20 verbose etag "30MW7WHVRNF7HLRJ085FB3MXH"
21 http GET https://registry.npmjs.org/ios-sim
22 http 200 https://registry.npmjs.org/ios-sim
23 silly registry.get cb [ 200,
23 silly registry.get   { date: 'Sat, 15 Mar 2014 18:45:19 GMT',
23 silly registry.get     server: 'CouchDB/1.5.0 (Erlang OTP/R14B04)',
23 silly registry.get     etag: '"571Q8UM0F560U7OCUAII7Y3C0"',
23 silly registry.get     'content-type': 'application/json',
23 silly registry.get     via: '1.1 varnish',
23 silly registry.get     'cache-control': 'max-age=1',
23 silly registry.get     'content-length': '6505',
23 silly registry.get     'accept-ranges': 'bytes',
23 silly registry.get     age: '5706',
23 silly registry.get     'x-served-by': 'cache-v44-ASH, cache-fra1234-FRA',
23 silly registry.get     'x-cache': 'MISS, MISS',
23 silly registry.get     'x-cache-hits': '0, 0',
23 silly registry.get     'x-timer': 'S1394895156.302088261,VS0,VS-121,VE-23,VE13963659',
23 silly registry.get     vary: 'Accept',
23 silly registry.get     'keep-alive': 'timeout=10, max=50',
23 silly registry.get     connection: 'Keep-Alive' } ]
24 silly addNameRange number 2 { name: 'ios-sim', range: '*', hasData: true }
25 silly addNameRange versions [ 'ios-sim', [ '1.8.0', '1.8.1', '1.8.2', '1.9.0' ] ]
26 verbose addNamed [ 'ios-sim', '1.9.0' ]
27 verbose addNamed [ '1.9.0', '1.9.0' ]
28 silly lockFile 08b821e4-ios-sim-1-9-0 ios-sim@1.9.0
29 verbose lock ios-sim@1.9.0 /Users/murrayk4/.npm/08b821e4-ios-sim-1-9-0.lock
30 silly lockFile ed580e00-js-org-ios-sim-ios-sim-1-9-0-tgz https://registry.npmjs.org/ios-sim/-/ios-sim-1.9.0.tgz
31 verbose lock https://registry.npmjs.org/ios-sim/-/ios-sim-1.9.0.tgz /Users/murrayk4/.npm/ed580e00-js-org-ios-sim-ios-sim-1-9-0-tgz.lock
32 verbose addRemoteTarball [ 'https://registry.npmjs.org/ios-sim/-/ios-sim-1.9.0.tgz',
32 verbose addRemoteTarball   'bedbc80a175960fdb0b5a95c370c81f2ffcb4ca4' ]
33 info retry fetch attempt 1 at 18:45:20
34 verbose fetch to= /var/folders/41/l10958851y73wfpwqt3tt65h0000gn/T/npm-25947-LE3h2JWy/1394909120143-0.6612328747287393/tmp.tgz
35 http GET https://registry.npmjs.org/ios-sim/-/ios-sim-1.9.0.tgz
36 http 200 https://registry.npmjs.org/ios-sim/-/ios-sim-1.9.0.tgz
37 verbose tar unpack /var/folders/41/l10958851y73wfpwqt3tt65h0000gn/T/npm-25947-LE3h2JWy/1394909120143-0.6612328747287393/tmp.tgz
38 silly lockFile 92e28b72-20143-0-6612328747287393-package tar:///var/folders/41/l10958851y73wfpwqt3tt65h0000gn/T/npm-25947-LE3h2JWy/1394909120143-0.6612328747287393/package
39 verbose lock tar:///var/folders/41/l10958851y73wfpwqt3tt65h0000gn/T/npm-25947-LE3h2JWy/1394909120143-0.6612328747287393/package /Users/murrayk4/.npm/92e28b72-20143-0-6612328747287393-package.lock
40 silly lockFile 4e78c627-20143-0-6612328747287393-tmp-tgz tar:///var/folders/41/l10958851y73wfpwqt3tt65h0000gn/T/npm-25947-LE3h2JWy/1394909120143-0.6612328747287393/tmp.tgz
41 verbose lock tar:///var/folders/41/l10958851y73wfpwqt3tt65h0000gn/T/npm-25947-LE3h2JWy/1394909120143-0.6612328747287393/tmp.tgz /Users/murrayk4/.npm/4e78c627-20143-0-6612328747287393-tmp-tgz.lock
42 silly gunzTarPerm modes [ '755', '644' ]
43 silly gunzTarPerm extractEntry package.json
44 silly gunzTarPerm extractEntry .npmignore
45 silly gunzTarPerm extractEntry README.md
46 silly gunzTarPerm extractEntry LICENSE
47 silly gunzTarPerm extractEntry DVTiPhoneSimulatorRemoteClient/DVTiPhoneSimulatorRemoteClient.h
48 silly gunzTarPerm extractEntry README.template.md
49 silly gunzTarPerm extractEntry Rakefile
50 silly gunzTarPerm extractEntry Source/.npmignore
51 silly gunzTarPerm extractEntry Source/NSString+expandPath.h
52 silly gunzTarPerm extractEntry Source/NSString+expandPath.m
53 silly gunzTarPerm extractEntry Source/iPhoneSimulator.h
54 silly gunzTarPerm extractEntry Source/iPhoneSimulator.m
55 silly gunzTarPerm extractEntry Source/main.m
56 silly gunzTarPerm extractEntry Source/nsprintf.h
57 silly gunzTarPerm extractEntry Source/nsprintf.m
58 silly gunzTarPerm extractEntry Source/version.h
59 silly gunzTarPerm extractEntry ios-sim.xcodeproj/.npmignore
60 silly gunzTarPerm extractEntry ios-sim.xcodeproj/project.pbxproj
61 silly gunzTarPerm extractEntry ios-sim.xcodeproj/xcshareddata/xcschemes/ios-sim.xcscheme
62 silly gunzTarPerm extractEntry ios-sim_Prefix.pch
63 silly lockFile 92e28b72-20143-0-6612328747287393-package tar:///var/folders/41/l10958851y73wfpwqt3tt65h0000gn/T/npm-25947-LE3h2JWy/1394909120143-0.6612328747287393/package
64 silly lockFile 92e28b72-20143-0-6612328747287393-package tar:///var/folders/41/l10958851y73wfpwqt3tt65h0000gn/T/npm-25947-LE3h2JWy/1394909120143-0.6612328747287393/package
65 silly lockFile 4e78c627-20143-0-6612328747287393-tmp-tgz tar:///var/folders/41/l10958851y73wfpwqt3tt65h0000gn/T/npm-25947-LE3h2JWy/1394909120143-0.6612328747287393/tmp.tgz
66 silly lockFile 4e78c627-20143-0-6612328747287393-tmp-tgz tar:///var/folders/41/l10958851y73wfpwqt3tt65h0000gn/T/npm-25947-LE3h2JWy/1394909120143-0.6612328747287393/tmp.tgz
67 verbose tar pack [ '/Users/murrayk4/.npm/ios-sim/1.9.0/package.tgz',
67 verbose tar pack   '/var/folders/41/l10958851y73wfpwqt3tt65h0000gn/T/npm-25947-LE3h2JWy/1394909120143-0.6612328747287393/package' ]
68 verbose tarball /Users/murrayk4/.npm/ios-sim/1.9.0/package.tgz
69 verbose folder /var/folders/41/l10958851y73wfpwqt3tt65h0000gn/T/npm-25947-LE3h2JWy/1394909120143-0.6612328747287393/package
70 silly lockFile 92e28b72-20143-0-6612328747287393-package tar:///var/folders/41/l10958851y73wfpwqt3tt65h0000gn/T/npm-25947-LE3h2JWy/1394909120143-0.6612328747287393/package
71 verbose lock tar:///var/folders/41/l10958851y73wfpwqt3tt65h0000gn/T/npm-25947-LE3h2JWy/1394909120143-0.6612328747287393/package /Users/murrayk4/.npm/92e28b72-20143-0-6612328747287393-package.lock
72 silly lockFile e03a3ffa-k4-npm-ios-sim-1-9-0-package-tgz tar:///Users/murrayk4/.npm/ios-sim/1.9.0/package.tgz
73 verbose lock tar:///Users/murrayk4/.npm/ios-sim/1.9.0/package.tgz /Users/murrayk4/.npm/e03a3ffa-k4-npm-ios-sim-1-9-0-package-tgz.lock
74 silly lockFile 92e28b72-20143-0-6612328747287393-package tar:///var/folders/41/l10958851y73wfpwqt3tt65h0000gn/T/npm-25947-LE3h2JWy/1394909120143-0.6612328747287393/package
75 silly lockFile 92e28b72-20143-0-6612328747287393-package tar:///var/folders/41/l10958851y73wfpwqt3tt65h0000gn/T/npm-25947-LE3h2JWy/1394909120143-0.6612328747287393/package
76 silly lockFile e03a3ffa-k4-npm-ios-sim-1-9-0-package-tgz tar:///Users/murrayk4/.npm/ios-sim/1.9.0/package.tgz
77 silly lockFile e03a3ffa-k4-npm-ios-sim-1-9-0-package-tgz tar:///Users/murrayk4/.npm/ios-sim/1.9.0/package.tgz
78 silly lockFile c69b099b-rrayk4-npm-ios-sim-1-9-0-package /Users/murrayk4/.npm/ios-sim/1.9.0/package
79 verbose lock /Users/murrayk4/.npm/ios-sim/1.9.0/package /Users/murrayk4/.npm/c69b099b-rrayk4-npm-ios-sim-1-9-0-package.lock
80 silly lockFile c69b099b-rrayk4-npm-ios-sim-1-9-0-package /Users/murrayk4/.npm/ios-sim/1.9.0/package
81 silly lockFile c69b099b-rrayk4-npm-ios-sim-1-9-0-package /Users/murrayk4/.npm/ios-sim/1.9.0/package
82 verbose tar unpack /Users/murrayk4/.npm/ios-sim/1.9.0/package.tgz
83 silly lockFile db2bb7b6-rrayk4-npm-ios-sim-1-9-0-package tar:///Users/murrayk4/.npm/ios-sim/1.9.0/package
84 verbose lock tar:///Users/murrayk4/.npm/ios-sim/1.9.0/package /Users/murrayk4/.npm/db2bb7b6-rrayk4-npm-ios-sim-1-9-0-package.lock
85 silly lockFile e03a3ffa-k4-npm-ios-sim-1-9-0-package-tgz tar:///Users/murrayk4/.npm/ios-sim/1.9.0/package.tgz
86 verbose lock tar:///Users/murrayk4/.npm/ios-sim/1.9.0/package.tgz /Users/murrayk4/.npm/e03a3ffa-k4-npm-ios-sim-1-9-0-package-tgz.lock
87 silly gunzTarPerm modes [ '755', '644' ]
88 silly gunzTarPerm extractEntry package.json
89 silly gunzTarPerm extractEntry .npmignore
90 silly gunzTarPerm extractEntry README.md
91 silly gunzTarPerm extractEntry LICENSE
92 silly gunzTarPerm extractEntry DVTiPhoneSimulatorRemoteClient/DVTiPhoneSimulatorRemoteClient.h
93 silly gunzTarPerm extractEntry README.template.md
94 silly gunzTarPerm extractEntry Rakefile
95 silly gunzTarPerm extractEntry Source/.npmignore
96 silly gunzTarPerm extractEntry Source/NSString+expandPath.h
97 silly gunzTarPerm extractEntry Source/NSString+expandPath.m
98 silly gunzTarPerm extractEntry Source/iPhoneSimulator.h
99 silly gunzTarPerm extractEntry Source/iPhoneSimulator.m
100 silly gunzTarPerm extractEntry Source/main.m
101 silly gunzTarPerm extractEntry Source/nsprintf.h
102 silly gunzTarPerm extractEntry Source/nsprintf.m
103 silly gunzTarPerm extractEntry Source/version.h
104 silly gunzTarPerm extractEntry ios-sim.xcodeproj/.npmignore
105 silly gunzTarPerm extractEntry ios-sim.xcodeproj/project.pbxproj
106 silly gunzTarPerm extractEntry ios-sim.xcodeproj/xcshareddata/xcschemes/ios-sim.xcscheme
107 silly gunzTarPerm extractEntry ios-sim_Prefix.pch
108 silly lockFile db2bb7b6-rrayk4-npm-ios-sim-1-9-0-package tar:///Users/murrayk4/.npm/ios-sim/1.9.0/package
109 silly lockFile db2bb7b6-rrayk4-npm-ios-sim-1-9-0-package tar:///Users/murrayk4/.npm/ios-sim/1.9.0/package
110 silly lockFile e03a3ffa-k4-npm-ios-sim-1-9-0-package-tgz tar:///Users/murrayk4/.npm/ios-sim/1.9.0/package.tgz
111 silly lockFile e03a3ffa-k4-npm-ios-sim-1-9-0-package-tgz tar:///Users/murrayk4/.npm/ios-sim/1.9.0/package.tgz
112 verbose chmod /Users/murrayk4/.npm/ios-sim/1.9.0/package.tgz 644
113 verbose chown /Users/murrayk4/.npm/ios-sim/1.9.0/package.tgz [ 501, 20 ]
114 silly lockFile ed580e00-js-org-ios-sim-ios-sim-1-9-0-tgz https://registry.npmjs.org/ios-sim/-/ios-sim-1.9.0.tgz
115 silly lockFile ed580e00-js-org-ios-sim-ios-sim-1-9-0-tgz https://registry.npmjs.org/ios-sim/-/ios-sim-1.9.0.tgz
116 silly lockFile 08b821e4-ios-sim-1-9-0 ios-sim@1.9.0
117 silly lockFile 08b821e4-ios-sim-1-9-0 ios-sim@1.9.0
118 silly lockFile 03dce7cc-ios-sim ios-sim@
119 silly lockFile 03dce7cc-ios-sim ios-sim@
120 silly resolved [ { name: 'ios-sim',
120 silly resolved     version: '1.9.0',
120 silly resolved     description: 'launch iOS apps into the iOS Simulator from the command line (Xcode 5.1)',
120 silly resolved     main: 'ios-sim',
120 silly resolved     scripts: { preinstall: 'rake build' },
120 silly resolved     bin: { 'ios-sim': 'build/Release/ios-sim' },
120 silly resolved     repository: { type: 'git', url: 'https://github.com/phonegap/ios-sim' },
120 silly resolved     keywords: [ 'ios-sim', 'iOS Simulator' ],
120 silly resolved     author: { name: 'Landon Fuller, Jeff Haynie, Eloy Duran, Shazron Abdullah' },
120 silly resolved     license: 'MIT',
120 silly resolved     readme: 'ios-sim\n=======\n\nThe ios-sim tool is a command-line utility that launches an iOS application on\nthe iOS Simulator. This allows for niceties such as automated testing without\nhaving to open XCode.\n\nFeatures\n--------\n\n* Choose the device family to simulate, i.e. iPhone or iPad.\n* Setup environment variables.\n* Pass arguments to the application.\n* See the stdout and stderr, or redirect them to files.\n\nSee the `--help` option for more info.\n\nInstallation\n------------\n\nWith node.js (at least 0.10.20):\n\n    $ sudo npm install ios-sim -g\n\nDownload an archive:\n\n    $ curl -L https://github.com/phonegap/ios-sim/zipball/1.8.2 -o ios-sim-1.8.2.zip\n    $ unzip ios-sim-1.8.2.zip\n\nOr from a git clone:\n\n    $ git clone git://github.com/phonegap/ios-sim.git\n\nThen build and install from the source root:\n\n    $ rake install prefix=/usr/local/\n\n\nDevelopment\n-----------\n\nWhen you want to release a version, do:\n\n    $ rake version:bump v=NEW_VERSION\n    $ rake release\n    $ npm version NEW_VERSION -m "Updated to npm version %s"\n    \ntmux\n-----\n\nTo get ios-sim to launch correctly within tmux use the reattach-to-user-namespace wrapper.\n\n```\nreattach-to-user-namespace ios-sim launch ./build/MyTestApp.app\n```\n*source:* https://github.com/ChrisJohnsen/tmux-MacOSX-pasteboard\n\n*brew:*  ```brew install reattach-to-user-namespace```\n\nLicense\n-------\n\nOriginal author: Landon Fuller <landonf@plausiblelabs.com>\nCopyright (c) 2008-2011 Plausible Labs Cooperative, Inc.\nAll rights reserved.\n\nThis project is available under the MIT license. See [LICENSE][license].\n\n[license]: https://github.com/phonegap/ios-sim/blob/master/LICENSE\n',
120 silly resolved     readmeFilename: 'README.md',
120 silly resolved     bugs: { url: 'https://github.com/phonegap/ios-sim/issues' },
120 silly resolved     homepage: 'https://github.com/phonegap/ios-sim',
120 silly resolved     _id: 'ios-sim@1.9.0',
120 silly resolved     dist: { shasum: '9ed927224f5eaa4b24a722eee7c1f2a34a30c34e' },
120 silly resolved     _from: 'ios-sim@',
120 silly resolved     _resolved: 'https://registry.npmjs.org/ios-sim/-/ios-sim-1.9.0.tgz' } ]
121 info install ios-sim@1.9.0 into /usr/local/lib
122 info installOne ios-sim@1.9.0
123 info /usr/local/lib/node_modules/ios-sim unbuild
124 verbose tar unpack /Users/murrayk4/.npm/ios-sim/1.9.0/package.tgz
125 silly lockFile 5027580f-r-local-lib-node-modules-ios-sim tar:///usr/local/lib/node_modules/ios-sim
126 verbose lock tar:///usr/local/lib/node_modules/ios-sim /Users/murrayk4/.npm/5027580f-r-local-lib-node-modules-ios-sim.lock
127 silly lockFile e03a3ffa-k4-npm-ios-sim-1-9-0-package-tgz tar:///Users/murrayk4/.npm/ios-sim/1.9.0/package.tgz
128 verbose lock tar:///Users/murrayk4/.npm/ios-sim/1.9.0/package.tgz /Users/murrayk4/.npm/e03a3ffa-k4-npm-ios-sim-1-9-0-package-tgz.lock
129 silly gunzTarPerm modes [ '755', '644' ]
130 error Error: EACCES, mkdir '/usr/local/lib/node_modules/ios-sim'
130 error  { [Error: EACCES, mkdir '/usr/local/lib/node_modules/ios-sim']
130 error   errno: 3,
130 error   code: 'EACCES',
130 error   path: '/usr/local/lib/node_modules/ios-sim',
130 error   fstream_type: 'Directory',
130 error   fstream_path: '/usr/local/lib/node_modules/ios-sim',
130 error   fstream_class: 'DirWriter',
130 error   fstream_stack:
130 error    [ '/usr/local/lib/node_modules/npm/node_modules/fstream/lib/dir-writer.js:36:23',
130 error      '/usr/local/lib/node_modules/npm/node_modules/mkdirp/index.js:37:53',
130 error      'Object.oncomplete (fs.js:107:15)' ] }
131 error Please try running this command again as root/Administrator.
132 error System Darwin 13.0.0
133 error command "node" "/usr/local/bin/npm" "install" "-g" "ios-sim"
134 error cwd /Users/murrayk4/DayOut/dayout-app
135 error node -v v0.10.25
136 error npm -v 1.3.24
137 error path /usr/local/lib/node_modules/ios-sim
138 error fstream_path /usr/local/lib/node_modules/ios-sim
139 error fstream_type Directory
140 error fstream_class DirWriter
141 error code EACCES
142 error errno 3
143 error stack Error: EACCES, mkdir '/usr/local/lib/node_modules/ios-sim'
144 error fstream_stack /usr/local/lib/node_modules/npm/node_modules/fstream/lib/dir-writer.js:36:23
144 error fstream_stack /usr/local/lib/node_modules/npm/node_modules/mkdirp/index.js:37:53
144 error fstream_stack Object.oncomplete (fs.js:107:15)
145 verbose exit [ 3, true ]
